<?xml version="1.0" encoding="UTF-8"?>
<!-- Generated by org.testng.reporters.JUnitXMLReporter -->
<testsuite ignored="1" hostname="Venkatesan" failures="0" tests="2" name="Default test" time="20.676" errors="0" timestamp="2024-12-27T09:49:04 IST">
  <testcase classname="Testingcode.Test2712" name="flipkart" time="9.945"/>
  <testcase classname="Testingcode.Test2712" name="flipkart" time="10.656"/>
  <testcase classname="Testingcode.Test2712" name="Login" time="0.0">
    <ignored/>
  </testcase> <!-- Login -->
</testsuite> <!-- Default test -->
