<?xml version="1.0" encoding="UTF-8"?>
<!-- Generated by org.testng.reporters.JUnitXMLReporter -->
<testsuite ignored="0" hostname="Venkatesan" failures="1" tests="7" name="Logintest" time="113.145" errors="0" timestamp="2024-11-26T18:31:32 IST">
  <testcase classname="com.OrangeHRM.testcases.Categorytest" name="TC06_ViewCategoryPdts" time="12.344">
    <failure type="java.lang.AssertionError" message="expected [true] but found [false]">
      <![CDATA[java.lang.AssertionError: expected [true] but found [false]
at com.OrangeHRM.Utilities.ActionEngine.assertEqualsString_custom(ActionEngine.java:184)
at com.OrangeHRM.testcases.Categorytest.TC06_ViewCategoryPdts(Categorytest.java:58)
at java.base/java.util.ArrayList.forEach(ArrayList.java:1511)
... Removed 31 stack frames]]>
    </failure>
  </testcase> <!-- TC06_ViewCategoryPdts -->
  <testcase classname="com.OrangeHRM.testcases.Categorytest" name="TC06_ViewCategoryPdts" time="10.353"/>
  <testcase classname="com.OrangeHRM.testcases.Categorytest" name="TC06_ViewCategoryPdts" time="11.852"/>
  <testcase classname="com.OrangeHRM.testcases.Categorytest" name="TC06_ViewCategoryPdts" time="11.478"/>
  <testcase classname="com.OrangeHRM.testcases.Categorytest" name="TC06_ViewCategoryPdts" time="9.334"/>
  <testcase classname="com.OrangeHRM.testcases.Categorytest" name="TC06_ViewCategoryPdts" time="11.529"/>
  <testcase classname="com.OrangeHRM.testcases.Categorytest" name="TC06_ViewCategoryPdts" time="11.956"/>
</testsuite> <!-- Logintest -->
