<?xml version="1.0" encoding="UTF-8"?>
<testng-results ignored="0" total="9" passed="4" failed="5" skipped="0">
  <reporter-output>
  </reporter-output>
  <suite started-at="2024-12-05T11:11:31 IST" name="SmokeTest" finished-at="2024-12-05T11:13:08 IST" duration-ms="97805">
    <groups>
    </groups>
    <test started-at="2024-12-05T11:11:31 IST" name="Logintest" finished-at="2024-12-05T11:13:08 IST" duration-ms="97805">
      <class name="com.OrangeHRM.testcases.Producttest">
        <test-method is-config="true" signature="launchapp()[pri:0, instance:com.OrangeHRM.testcases.Producttest@2b4c3c29]" started-at="2024-12-05T11:11:31 IST" name="launchapp" finished-at="2024-12-05T11:11:43 IST" duration-ms="11668" status="PASS">
          <reporter-output>
          </reporter-output>
        </test-method> <!-- launchapp -->
        <test-method signature="TC02_ViewProduct(java.lang.Object)[pri:0, instance:com.OrangeHRM.testcases.Producttest@2b4c3c29]" started-at="2024-12-05T11:11:43 IST" name="TC02_ViewProduct" data-provider="pdtdata" finished-at="2024-12-05T11:11:59 IST" duration-ms="16045" status="PASS">
          <params>
            <param index="0">
              <value>
                <![CDATA[{Product2price=Rs. 1299, Pricelabel=cart_price, Product2qty=1, Email=vprsaran@gmail.com, Product1Total=Rs. 500, Totallabel=cart_total, Product1qty=1, TotalAmount=Rs. 1799, Productconfirmmsg=Your product has been added to cart., ProductTitle=Automation Exercise - All Products, Hometitle=Automation Exercise, Quantitylabel=cart_quantity, Shoppingtitle=Automation Exercise - Checkout, Product1price=Rs. 500, Productname2=Pure Cotton V-Neck T-Shirt, Productname1=Blue Top, Product2Total=Rs. 1299, Password=Testing@123}]]>
              </value>
            </param>
          </params>
          <reporter-output>
          </reporter-output>
        </test-method> <!-- TC02_ViewProduct -->
        <test-method is-config="true" signature="teardown()[pri:0, instance:com.OrangeHRM.testcases.Producttest@2b4c3c29]" started-at="2024-12-05T11:11:59 IST" name="teardown" finished-at="2024-12-05T11:12:00 IST" duration-ms="1068" status="PASS">
          <reporter-output>
          </reporter-output>
        </test-method> <!-- teardown -->
      </class> <!-- com.OrangeHRM.testcases.Producttest -->
      <class name="com.OrangeHRM.testcases.SearchProduct">
        <test-method is-config="true" signature="launchapp()[pri:0, instance:com.OrangeHRM.testcases.SearchProduct@543e593]" started-at="2024-12-05T11:11:31 IST" name="launchapp" finished-at="2024-12-05T11:11:41 IST" duration-ms="10378" status="PASS">
          <reporter-output>
          </reporter-output>
        </test-method> <!-- launchapp -->
        <test-method signature="TC03_searchpdt(java.lang.Object)[pri:0, instance:com.OrangeHRM.testcases.SearchProduct@543e593]" started-at="2024-12-05T11:11:41 IST" name="TC03_searchpdt" data-provider="search" finished-at="2024-12-05T11:11:58 IST" duration-ms="16950" status="PASS">
          <params>
            <param index="0">
              <value>
                <![CDATA[{Product2price=Rs. 1299, Pricelabel=cart_price, Product2qty=1, Email=vprsaran@gmail.com, Product1Total=Rs. 500, Totallabel=cart_total, Product1qty=1, TotalAmount=Rs. 1799, Productconfirmmsg=Your product has been added to cart., ProductTitle=Automation Exercise - All Products, Hometitle=Automation Exercise, Quantitylabel=cart_quantity, Shoppingtitle=Automation Exercise - Checkout, Product1price=Rs. 500, Productname2=Pure Cotton V-Neck T-Shirt, Productname1=Blue Top, Product2Total=Rs. 1299, Password=Testing@123}]]>
              </value>
            </param>
          </params>
          <reporter-output>
          </reporter-output>
        </test-method> <!-- TC03_searchpdt -->
        <test-method is-config="true" signature="teardown()[pri:0, instance:com.OrangeHRM.testcases.SearchProduct@543e593]" started-at="2024-12-05T11:11:58 IST" name="teardown" finished-at="2024-12-05T11:12:00 IST" duration-ms="1334" status="PASS">
          <reporter-output>
          </reporter-output>
        </test-method> <!-- teardown -->
      </class> <!-- com.OrangeHRM.testcases.SearchProduct -->
      <class name="com.OrangeHRM.testcases.SearchProductAndAddProduct">
        <test-method is-config="true" signature="launchapp()[pri:0, instance:com.OrangeHRM.testcases.SearchProductAndAddProduct@3c7cfcbb]" started-at="2024-12-05T11:11:31 IST" name="launchapp" finished-at="2024-12-05T11:11:44 IST" duration-ms="13154" status="PASS">
          <reporter-output>
          </reporter-output>
        </test-method> <!-- launchapp -->
        <test-method signature="TC05_SearchandAddpdt(java.lang.Object)[pri:0, instance:com.OrangeHRM.testcases.SearchProductAndAddProduct@3c7cfcbb]" started-at="2024-12-05T11:11:44 IST" name="TC05_SearchandAddpdt" data-provider="AddProduct" finished-at="2024-12-05T11:13:05 IST" duration-ms="80839" status="FAIL">
          <params>
            <param index="0">
              <value>
                <![CDATA[{Product2price=Rs. 1299, Pricelabel=cart_price, Product2qty=1, Email=vprsaran@gmail.com, Product1Total=Rs. 500, Totallabel=cart_total, Product1qty=1, TotalAmount=Rs. 1799, Productconfirmmsg=Your product has been added to cart., ProductTitle=Automation Exercise - All Products, Hometitle=Automation Exercise, Quantitylabel=cart_quantity, Shoppingtitle=Automation Exercise - Checkout, Product1price=Rs. 500, Productname2=Pure Cotton V-Neck T-Shirt, Productname1=Blue Top, Product2Total=Rs. 1299, Password=Testing@123}]]>
              </value>
            </param>
          </params>
          <exception class="java.lang.AssertionError">
            <message>
              <![CDATA[expected [Your product has been added to cart.] but found []]]>
            </message>
            <full-stacktrace>
              <![CDATA[java.lang.AssertionError: expected [Your product has been added to cart.] but found []
at org.testng.Assert.fail(Assert.java:111)
at org.testng.Assert.failNotEquals(Assert.java:1578)
at org.testng.Assert.assertEqualsImpl(Assert.java:150)
at org.testng.Assert.assertEquals(Assert.java:132)
at org.testng.Assert.assertEquals(Assert.java:656)
at org.testng.Assert.assertEquals(Assert.java:666)
at com.OrangeHRM.testcases.SearchProductAndAddProduct.TC05_SearchandAddpdt(SearchProductAndAddProduct.java:66)
at java.base/jdk.internal.reflect.NativeMethodAccessorImpl.invoke0(Native Method)
at java.base/jdk.internal.reflect.NativeMethodAccessorImpl.invoke(NativeMethodAccessorImpl.java:77)
at java.base/jdk.internal.reflect.DelegatingMethodAccessorImpl.invoke(DelegatingMethodAccessorImpl.java:43)
at java.base/java.lang.reflect.Method.invoke(Method.java:568)
at org.testng.internal.invokers.MethodInvocationHelper.invokeMethod(MethodInvocationHelper.java:139)
at org.testng.internal.invokers.TestInvoker.invokeMethod(TestInvoker.java:664)
at org.testng.internal.invokers.TestInvoker.invokeTestMethod(TestInvoker.java:227)
at org.testng.internal.invokers.MethodRunner.runInSequence(MethodRunner.java:50)
at org.testng.internal.invokers.TestInvoker$MethodInvocationAgent.invoke(TestInvoker.java:957)
at org.testng.internal.invokers.TestInvoker.invokeTestMethods(TestInvoker.java:200)
at org.testng.internal.invokers.TestMethodWorker.invokeTestMethods(TestMethodWorker.java:148)
at org.testng.internal.invokers.TestMethodWorker.run(TestMethodWorker.java:128)
at java.base/java.util.concurrent.ThreadPoolExecutor.runWorker(ThreadPoolExecutor.java:1136)
at java.base/java.util.concurrent.ThreadPoolExecutor$Worker.run(ThreadPoolExecutor.java:635)
at java.base/java.lang.Thread.run(Thread.java:840)
]]>
            </full-stacktrace>
          </exception> <!-- java.lang.AssertionError -->
          <reporter-output>
          </reporter-output>
        </test-method> <!-- TC05_SearchandAddpdt -->
        <test-method is-config="true" signature="teardown()[pri:0, instance:com.OrangeHRM.testcases.SearchProductAndAddProduct@3c7cfcbb]" started-at="2024-12-05T11:13:08 IST" name="teardown" finished-at="2024-12-05T11:13:08 IST" duration-ms="651" status="PASS">
          <reporter-output>
          </reporter-output>
        </test-method> <!-- teardown -->
      </class> <!-- com.OrangeHRM.testcases.SearchProductAndAddProduct -->
      <class name="com.OrangeHRM.testcases.Addproduct">
        <test-method is-config="true" signature="launchapp()[pri:0, instance:com.OrangeHRM.testcases.Addproduct@73ba6fe6]" started-at="2024-12-05T11:11:31 IST" name="launchapp" finished-at="2024-12-05T11:11:41 IST" duration-ms="10097" status="PASS">
          <reporter-output>
          </reporter-output>
        </test-method> <!-- launchapp -->
        <test-method signature="TC04_VerifyaddProduct(java.lang.Object)[pri:0, instance:com.OrangeHRM.testcases.Addproduct@73ba6fe6]" started-at="2024-12-05T11:11:41 IST" name="TC04_VerifyaddProduct" data-provider="addproduct" finished-at="2024-12-05T11:12:01 IST" duration-ms="19740" status="FAIL">
          <params>
            <param index="0">
              <value>
                <![CDATA[{Product2price=Rs. 1299, Pricelabel=cart_price, Product2qty=1, Email=vprsaran@gmail.com, Product1Total=Rs. 500, Totallabel=cart_total, Product1qty=1, TotalAmount=Rs. 1799, Productconfirmmsg=Your product has been added to cart., ProductTitle=Automation Exercise - All Products, Hometitle=Automation Exercise, Quantitylabel=cart_quantity, Shoppingtitle=Automation Exercise - Checkout, Product1price=Rs. 500, Productname2=Pure Cotton V-Neck T-Shirt, Productname1=Blue Top, Product2Total=Rs. 1299, Password=Testing@123}]]>
              </value>
            </param>
          </params>
          <exception class="java.lang.AssertionError">
            <message>
              <![CDATA[java.lang.NullPointerException: Cannot invoke "String.equals(Object)" because "actualValue" is null expected [true] but found [false]]]>
            </message>
            <full-stacktrace>
              <![CDATA[java.lang.AssertionError: java.lang.NullPointerException: Cannot invoke "String.equals(Object)" because "actualValue" is null expected [true] but found [false]
at org.testng.Assert.fail(Assert.java:111)
at org.testng.Assert.failNotEquals(Assert.java:1578)
at org.testng.Assert.assertTrue(Assert.java:57)
at com.OrangeHRM.Utilities.ActionEngine.assertEqualsString_custom(ActionEngine.java:189)
at com.OrangeHRM.testcases.Addproduct.TC04_VerifyaddProduct(Addproduct.java:67)
at java.base/jdk.internal.reflect.NativeMethodAccessorImpl.invoke0(Native Method)
at java.base/jdk.internal.reflect.NativeMethodAccessorImpl.invoke(NativeMethodAccessorImpl.java:77)
at java.base/jdk.internal.reflect.DelegatingMethodAccessorImpl.invoke(DelegatingMethodAccessorImpl.java:43)
at java.base/java.lang.reflect.Method.invoke(Method.java:568)
at org.testng.internal.invokers.MethodInvocationHelper.invokeMethod(MethodInvocationHelper.java:139)
at org.testng.internal.invokers.TestInvoker.invokeMethod(TestInvoker.java:664)
at org.testng.internal.invokers.TestInvoker.invokeTestMethod(TestInvoker.java:227)
at org.testng.internal.invokers.MethodRunner.runInSequence(MethodRunner.java:50)
at org.testng.internal.invokers.TestInvoker$MethodInvocationAgent.invoke(TestInvoker.java:957)
at org.testng.internal.invokers.TestInvoker.invokeTestMethods(TestInvoker.java:200)
at org.testng.internal.invokers.TestMethodWorker.invokeTestMethods(TestMethodWorker.java:148)
at org.testng.internal.invokers.TestMethodWorker.run(TestMethodWorker.java:128)
at java.base/java.util.concurrent.ThreadPoolExecutor.runWorker(ThreadPoolExecutor.java:1136)
at java.base/java.util.concurrent.ThreadPoolExecutor$Worker.run(ThreadPoolExecutor.java:635)
at java.base/java.lang.Thread.run(Thread.java:840)
]]>
            </full-stacktrace>
          </exception> <!-- java.lang.AssertionError -->
          <reporter-output>
          </reporter-output>
        </test-method> <!-- TC04_VerifyaddProduct -->
        <test-method is-config="true" signature="teardown()[pri:0, instance:com.OrangeHRM.testcases.Addproduct@73ba6fe6]" started-at="2024-12-05T11:12:04 IST" name="teardown" finished-at="2024-12-05T11:12:05 IST" duration-ms="1223" status="PASS">
          <reporter-output>
          </reporter-output>
        </test-method> <!-- teardown -->
      </class> <!-- com.OrangeHRM.testcases.Addproduct -->
      <class name="com.OrangeHRM.testcases.Contactustest">
        <test-method is-config="true" signature="launchapp()[pri:0, instance:com.OrangeHRM.testcases.Contactustest@6b68cb27]" started-at="2024-12-05T11:12:00 IST" name="launchapp" finished-at="2024-12-05T11:12:05 IST" duration-ms="5780" status="PASS">
          <reporter-output>
          </reporter-output>
        </test-method> <!-- launchapp -->
        <test-method signature="TC007_verifycontactus(java.lang.Object)[pri:0, instance:com.OrangeHRM.testcases.Contactustest@6b68cb27]" started-at="2024-12-05T11:12:05 IST" name="TC007_verifycontactus" data-provider="data" finished-at="2024-12-05T11:12:17 IST" duration-ms="11393" status="FAIL">
          <params>
            <param index="0">
              <value>
                <![CDATA[{Product2price=Rs. 1299, Pricelabel=cart_price, Product2qty=1, Email=vprsaran@gmail.com, Product1Total=Rs. 500, Totallabel=cart_total, Product1qty=1, TotalAmount=Rs. 1799, Productconfirmmsg=Your product has been added to cart., ProductTitle=Automation Exercise - All Products, Hometitle=Automation Exercise, Quantitylabel=cart_quantity, Shoppingtitle=Automation Exercise - Checkout, Product1price=Rs. 500, Productname2=Pure Cotton V-Neck T-Shirt, Productname1=Blue Top, Product2Total=Rs. 1299, Password=Testing@123}]]>
              </value>
            </param>
          </params>
          <exception class="java.lang.AssertionError">
            <message>
              <![CDATA[java.lang.NullPointerException: Cannot invoke "String.equals(Object)" because "actualValue" is null expected [true] but found [false]]]>
            </message>
            <full-stacktrace>
              <![CDATA[java.lang.AssertionError: java.lang.NullPointerException: Cannot invoke "String.equals(Object)" because "actualValue" is null expected [true] but found [false]
at org.testng.Assert.fail(Assert.java:111)
at org.testng.Assert.failNotEquals(Assert.java:1578)
at org.testng.Assert.assertTrue(Assert.java:57)
at com.OrangeHRM.Utilities.ActionEngine.assertEqualsString_custom(ActionEngine.java:189)
at com.OrangeHRM.testcases.Contactustest.TC007_verifycontactus(Contactustest.java:31)
at java.base/jdk.internal.reflect.NativeMethodAccessorImpl.invoke0(Native Method)
at java.base/jdk.internal.reflect.NativeMethodAccessorImpl.invoke(NativeMethodAccessorImpl.java:77)
at java.base/jdk.internal.reflect.DelegatingMethodAccessorImpl.invoke(DelegatingMethodAccessorImpl.java:43)
at java.base/java.lang.reflect.Method.invoke(Method.java:568)
at org.testng.internal.invokers.MethodInvocationHelper.invokeMethod(MethodInvocationHelper.java:139)
at org.testng.internal.invokers.TestInvoker.invokeMethod(TestInvoker.java:664)
at org.testng.internal.invokers.TestInvoker.invokeTestMethod(TestInvoker.java:227)
at org.testng.internal.invokers.MethodRunner.runInSequence(MethodRunner.java:50)
at org.testng.internal.invokers.TestInvoker$MethodInvocationAgent.invoke(TestInvoker.java:957)
at org.testng.internal.invokers.TestInvoker.invokeTestMethods(TestInvoker.java:200)
at org.testng.internal.invokers.TestMethodWorker.invokeTestMethods(TestMethodWorker.java:148)
at org.testng.internal.invokers.TestMethodWorker.run(TestMethodWorker.java:128)
at java.base/java.util.concurrent.ThreadPoolExecutor.runWorker(ThreadPoolExecutor.java:1136)
at java.base/java.util.concurrent.ThreadPoolExecutor$Worker.run(ThreadPoolExecutor.java:635)
at java.base/java.lang.Thread.run(Thread.java:840)
]]>
            </full-stacktrace>
          </exception> <!-- java.lang.AssertionError -->
          <reporter-output>
          </reporter-output>
        </test-method> <!-- TC007_verifycontactus -->
        <test-method is-config="true" signature="teardown()[pri:0, instance:com.OrangeHRM.testcases.Contactustest@6b68cb27]" started-at="2024-12-05T11:12:17 IST" name="teardown" finished-at="2024-12-05T11:12:18 IST" duration-ms="845" status="PASS">
          <reporter-output>
          </reporter-output>
        </test-method> <!-- teardown -->
      </class> <!-- com.OrangeHRM.testcases.Contactustest -->
      <class name="com.OrangeHRM.testcases.ValidateLinks">
        <test-method is-config="true" signature="launchapp()[pri:0, instance:com.OrangeHRM.testcases.ValidateLinks@16a9a4f1]" started-at="2024-12-05T11:12:00 IST" name="launchapp" finished-at="2024-12-05T11:12:04 IST" duration-ms="4558" status="PASS">
          <reporter-output>
          </reporter-output>
        </test-method> <!-- launchapp -->
        <test-method signature="TC06_Validatealltabs(java.lang.Object)[pri:0, instance:com.OrangeHRM.testcases.ValidateLinks@16a9a4f1]" started-at="2024-12-05T11:12:04 IST" name="TC06_Validatealltabs" data-provider="lgdata" finished-at="2024-12-05T11:12:17 IST" duration-ms="13099" status="FAIL">
          <params>
            <param index="0">
              <value>
                <![CDATA[{Product2price=Rs. 1299, Pricelabel=cart_price, Product2qty=1, Email=vprsaran@gmail.com, Product1Total=Rs. 500, Totallabel=cart_total, Product1qty=1, TotalAmount=Rs. 1799, Productconfirmmsg=Your product has been added to cart., ProductTitle=Automation Exercise - All Products, Hometitle=Automation Exercise, Quantitylabel=cart_quantity, Shoppingtitle=Automation Exercise - Checkout, Product1price=Rs. 500, Productname2=Pure Cotton V-Neck T-Shirt, Productname1=Blue Top, Product2Total=Rs. 1299, Password=Testing@123}]]>
              </value>
            </param>
          </params>
          <exception class="java.lang.AssertionError">
            <message>
              <![CDATA[expected [true] but found [false]]]>
            </message>
            <full-stacktrace>
              <![CDATA[java.lang.AssertionError: expected [true] but found [false]
at org.testng.Assert.fail(Assert.java:111)
at org.testng.Assert.failNotEquals(Assert.java:1578)
at org.testng.Assert.assertTrue(Assert.java:57)
at org.testng.Assert.assertTrue(Assert.java:67)
at com.OrangeHRM.Utilities.ActionEngine.assertEqualsString_custom(ActionEngine.java:186)
at com.OrangeHRM.testcases.ValidateLinks.TC06_Validatealltabs(ValidateLinks.java:33)
at java.base/jdk.internal.reflect.NativeMethodAccessorImpl.invoke0(Native Method)
at java.base/jdk.internal.reflect.NativeMethodAccessorImpl.invoke(NativeMethodAccessorImpl.java:77)
at java.base/jdk.internal.reflect.DelegatingMethodAccessorImpl.invoke(DelegatingMethodAccessorImpl.java:43)
at java.base/java.lang.reflect.Method.invoke(Method.java:568)
at org.testng.internal.invokers.MethodInvocationHelper.invokeMethod(MethodInvocationHelper.java:139)
at org.testng.internal.invokers.TestInvoker.invokeMethod(TestInvoker.java:664)
at org.testng.internal.invokers.TestInvoker.invokeTestMethod(TestInvoker.java:227)
at org.testng.internal.invokers.MethodRunner.runInSequence(MethodRunner.java:50)
at org.testng.internal.invokers.TestInvoker$MethodInvocationAgent.invoke(TestInvoker.java:957)
at org.testng.internal.invokers.TestInvoker.invokeTestMethods(TestInvoker.java:200)
at org.testng.internal.invokers.TestMethodWorker.invokeTestMethods(TestMethodWorker.java:148)
at org.testng.internal.invokers.TestMethodWorker.run(TestMethodWorker.java:128)
at java.base/java.util.concurrent.ThreadPoolExecutor.runWorker(ThreadPoolExecutor.java:1136)
at java.base/java.util.concurrent.ThreadPoolExecutor$Worker.run(ThreadPoolExecutor.java:635)
at java.base/java.lang.Thread.run(Thread.java:840)
]]>
            </full-stacktrace>
          </exception> <!-- java.lang.AssertionError -->
          <reporter-output>
          </reporter-output>
        </test-method> <!-- TC06_Validatealltabs -->
        <test-method is-config="true" signature="teardown()[pri:0, instance:com.OrangeHRM.testcases.ValidateLinks@16a9a4f1]" started-at="2024-12-05T11:12:18 IST" name="teardown" finished-at="2024-12-05T11:12:18 IST" duration-ms="621" status="PASS">
          <reporter-output>
          </reporter-output>
        </test-method> <!-- teardown -->
      </class> <!-- com.OrangeHRM.testcases.ValidateLinks -->
      <class name="com.OrangeHRM.testcases.Logintest">
        <test-method is-config="true" signature="launchapp()[pri:0, instance:com.OrangeHRM.testcases.Logintest@ecfbe91]" started-at="2024-12-05T11:11:31 IST" name="launchapp" finished-at="2024-12-05T11:11:42 IST" duration-ms="10658" status="PASS">
          <reporter-output>
          </reporter-output>
        </test-method> <!-- launchapp -->
        <test-method signature="TC001_logintest(java.lang.Object)[pri:0, instance:com.OrangeHRM.testcases.Logintest@ecfbe91]" started-at="2024-12-05T11:11:42 IST" name="TC001_logintest" data-provider="lgdata" finished-at="2024-12-05T11:11:51 IST" duration-ms="9225" status="PASS">
          <params>
            <param index="0">
              <value>
                <![CDATA[{Product2price=Rs. 1299, Pricelabel=cart_price, Product2qty=1, Email=vprsaran@gmail.com, Product1Total=Rs. 500, Totallabel=cart_total, Product1qty=1, TotalAmount=Rs. 1799, Productconfirmmsg=Your product has been added to cart., ProductTitle=Automation Exercise - All Products, Hometitle=Automation Exercise, Quantitylabel=cart_quantity, Shoppingtitle=Automation Exercise - Checkout, Product1price=Rs. 500, Productname2=Pure Cotton V-Neck T-Shirt, Productname1=Blue Top, Product2Total=Rs. 1299, Password=Testing@123}]]>
              </value>
            </param>
          </params>
          <reporter-output>
          </reporter-output>
        </test-method> <!-- TC001_logintest -->
        <test-method is-config="true" signature="teardown()[pri:0, instance:com.OrangeHRM.testcases.Logintest@ecfbe91]" started-at="2024-12-05T11:11:51 IST" name="teardown" finished-at="2024-12-05T11:11:55 IST" duration-ms="4554" status="PASS">
          <reporter-output>
          </reporter-output>
        </test-method> <!-- teardown -->
      </class> <!-- com.OrangeHRM.testcases.Logintest -->
      <class name="com.OrangeHRM.testcases.EndToEndScenarioTest">
        <test-method is-config="true" signature="launchapp()[pri:0, instance:com.OrangeHRM.testcases.EndToEndScenarioTest@3b6c624]" started-at="2024-12-05T11:12:05 IST" name="launchapp" finished-at="2024-12-05T11:12:11 IST" duration-ms="5617" status="PASS">
          <reporter-output>
          </reporter-output>
        </test-method> <!-- launchapp -->
        <test-method signature="TC08_verifycheckout(java.lang.Object)[pri:0, instance:com.OrangeHRM.testcases.EndToEndScenarioTest@3b6c624]" started-at="2024-12-05T11:12:11 IST" name="TC08_verifycheckout" data-provider="AddProduct" finished-at="2024-12-05T11:12:26 IST" duration-ms="15289" status="FAIL">
          <params>
            <param index="0">
              <value>
                <![CDATA[{Product2price=Rs. 1299, Pricelabel=cart_price, Product2qty=1, Email=vprsaran@gmail.com, Product1Total=Rs. 500, Totallabel=cart_total, Product1qty=1, TotalAmount=Rs. 1799, Productconfirmmsg=Your product has been added to cart., ProductTitle=Automation Exercise - All Products, Hometitle=Automation Exercise, Quantitylabel=cart_quantity, Shoppingtitle=Automation Exercise - Checkout, Product1price=Rs. 500, Productname2=Pure Cotton V-Neck T-Shirt, Productname1=Blue Top, Product2Total=Rs. 1299, Password=Testing@123}]]>
              </value>
            </param>
          </params>
          <exception class="java.lang.AssertionError">
            <message>
              <![CDATA[expected [true] but found [false]]]>
            </message>
            <full-stacktrace>
              <![CDATA[java.lang.AssertionError: expected [true] but found [false]
at org.testng.Assert.fail(Assert.java:111)
at org.testng.Assert.failNotEquals(Assert.java:1578)
at org.testng.Assert.assertTrue(Assert.java:57)
at org.testng.Assert.assertTrue(Assert.java:67)
at com.OrangeHRM.Utilities.ActionEngine.assertEqualsString_custom(ActionEngine.java:186)
at com.OrangeHRM.testcases.EndToEndScenarioTest.TC08_verifycheckout(EndToEndScenarioTest.java:56)
at java.base/jdk.internal.reflect.NativeMethodAccessorImpl.invoke0(Native Method)
at java.base/jdk.internal.reflect.NativeMethodAccessorImpl.invoke(NativeMethodAccessorImpl.java:77)
at java.base/jdk.internal.reflect.DelegatingMethodAccessorImpl.invoke(DelegatingMethodAccessorImpl.java:43)
at java.base/java.lang.reflect.Method.invoke(Method.java:568)
at org.testng.internal.invokers.MethodInvocationHelper.invokeMethod(MethodInvocationHelper.java:139)
at org.testng.internal.invokers.TestInvoker.invokeMethod(TestInvoker.java:664)
at org.testng.internal.invokers.TestInvoker.invokeTestMethod(TestInvoker.java:227)
at org.testng.internal.invokers.MethodRunner.runInSequence(MethodRunner.java:50)
at org.testng.internal.invokers.TestInvoker$MethodInvocationAgent.invoke(TestInvoker.java:957)
at org.testng.internal.invokers.TestInvoker.invokeTestMethods(TestInvoker.java:200)
at org.testng.internal.invokers.TestMethodWorker.invokeTestMethods(TestMethodWorker.java:148)
at org.testng.internal.invokers.TestMethodWorker.run(TestMethodWorker.java:128)
at java.base/java.util.concurrent.ThreadPoolExecutor.runWorker(ThreadPoolExecutor.java:1136)
at java.base/java.util.concurrent.ThreadPoolExecutor$Worker.run(ThreadPoolExecutor.java:635)
at java.base/java.lang.Thread.run(Thread.java:840)
]]>
            </full-stacktrace>
          </exception> <!-- java.lang.AssertionError -->
          <reporter-output>
          </reporter-output>
        </test-method> <!-- TC08_verifycheckout -->
        <test-method is-config="true" signature="teardown()[pri:0, instance:com.OrangeHRM.testcases.EndToEndScenarioTest@3b6c624]" started-at="2024-12-05T11:12:26 IST" name="teardown" finished-at="2024-12-05T11:12:27 IST" duration-ms="600" status="PASS">
          <reporter-output>
          </reporter-output>
        </test-method> <!-- teardown -->
      </class> <!-- com.OrangeHRM.testcases.EndToEndScenarioTest -->
      <class name="com.OrangeHRM.testcases.Categorytest">
        <test-method is-config="true" signature="launchapp()[pri:0, instance:com.OrangeHRM.testcases.Categorytest@61f3fbb8]" started-at="2024-12-05T11:11:55 IST" name="launchapp" finished-at="2024-12-05T11:12:00 IST" duration-ms="4364" status="PASS">
          <reporter-output>
          </reporter-output>
        </test-method> <!-- launchapp -->
        <test-method signature="TC06_ViewCategoryPdts(java.lang.Object)[pri:0, instance:com.OrangeHRM.testcases.Categorytest@61f3fbb8]" started-at="2024-12-05T11:12:00 IST" name="TC06_ViewCategoryPdts" data-provider="CategoryProd" finished-at="2024-12-05T11:12:40 IST" duration-ms="40523" status="PASS">
          <params>
            <param index="0">
              <value>
                <![CDATA[{Product2price=Rs. 1299, Pricelabel=cart_price, Product2qty=1, Email=vprsaran@gmail.com, Product1Total=Rs. 500, Totallabel=cart_total, Product1qty=1, TotalAmount=Rs. 1799, Productconfirmmsg=Your product has been added to cart., ProductTitle=Automation Exercise - All Products, Hometitle=Automation Exercise, Quantitylabel=cart_quantity, Shoppingtitle=Automation Exercise - Checkout, Product1price=Rs. 500, Productname2=Pure Cotton V-Neck T-Shirt, Productname1=Blue Top, Product2Total=Rs. 1299, Password=Testing@123}]]>
              </value>
            </param>
          </params>
          <reporter-output>
          </reporter-output>
        </test-method> <!-- TC06_ViewCategoryPdts -->
        <test-method is-config="true" signature="teardown()[pri:0, instance:com.OrangeHRM.testcases.Categorytest@61f3fbb8]" started-at="2024-12-05T11:12:40 IST" name="teardown" finished-at="2024-12-05T11:12:41 IST" duration-ms="365" status="PASS">
          <reporter-output>
          </reporter-output>
        </test-method> <!-- teardown -->
      </class> <!-- com.OrangeHRM.testcases.Categorytest -->
    </test> <!-- Logintest -->
  </suite> <!-- SmokeTest -->
</testng-results>
